<?xml version="1.0" encoding="UTF-8"?>
<testng-results ignored="0" total="1" passed="1" failed="0" skipped="0">
  <reporter-output>
  </reporter-output>
  <suite started-at="2023-07-26T12:14:13 IST" name="Default suite" finished-at="2023-07-26T12:14:13 IST" duration-ms="78">
    <groups>
    </groups>
    <test started-at="2023-07-26T12:14:13 IST" name="Default test" finished-at="2023-07-26T12:14:13 IST" duration-ms="78">
      <class name="Testg.Test">
        <test-method signature="demo()[pri:0, instance:Testg.Test@48aaecc3]" started-at="2023-07-26T12:14:13 IST" name="demo" finished-at="2023-07-26T12:14:13 IST" duration-ms="21" status="PASS">
          <reporter-output>
          </reporter-output>
        </test-method> <!-- demo -->
      </class> <!-- Testg.Test -->
    </test> <!-- Default test -->
  </suite> <!-- Default suite -->
</testng-results>
